/sw/bioinfo/quast/4.5.4/rackham/bin/quast.py /home/daniagst/Genome-Analysis/data/assemble_data/PacBio/high_sense/durio_zibethinus_high_sense.contigs.fasta -o /home/daniagst/Genome-Analysis/data/assemble_data/PacBio/high_sense -R /home/daniagst/Genome-Analysis/data/assemble_data/Ref/ref_durio_zibethinus.fasta -t 4

Version: 4.5.4

System information:
  OS: Linux-3.10.0-1127.el7.x86_64-x86_64-with-centos-7.8.2003-Core (linux_64)
  Python version: 2.7.6
  CPUs number: 20

Started: 2020-05-23 13:57:52

Logging to /home/daniagst/Genome-Analysis/data/assemble_data/PacBio/high_sense/quast.log
NOTICE: Output directory already exists. Existing Nucmer alignments can be used

CWD: /domus/h1/daniagst/Genome-Analysis/data/quality_control
Main parameters: 
  Threads: 4, minimum contig length: 500, ambiguity: one, threshold for extensive misassembly size: 1000

Reference:
  /home/daniagst/Genome-Analysis/data/assemble_data/Ref/ref_durio_zibethinus.fasta ==> ref_durio_zibethinus

Contigs:
  Pre-processing...
  /home/daniagst/Genome-Analysis/data/assemble_data/PacBio/high_sense/durio_zibethinus_high_sense.contigs.fasta ==> durio_zibethinus_high_sense.contigs

2020-05-23 13:57:58
Running Basic statistics processor...
  Reference genome:
    ref_durio_zibethinus.fasta, length = 26551601, num fragments = 1, GC % = 30.98
  Contig files: 
    durio_zibethinus_high_sense.contigs
  Calculating N50 and L50...
    durio_zibethinus_high_sense.contigs, N50 = 422311, L50 = 22, Total length = 38309010, GC % = 31.05, # N's per 100 kbp =  0.00
  Drawing Nx plot...
    saved to /home/daniagst/Genome-Analysis/data/assemble_data/PacBio/high_sense/basic_stats/Nx_plot.pdf
  Drawing NGx plot...
    saved to /home/daniagst/Genome-Analysis/data/assemble_data/PacBio/high_sense/basic_stats/NGx_plot.pdf
  Drawing cumulative plot...
    saved to /home/daniagst/Genome-Analysis/data/assemble_data/PacBio/high_sense/basic_stats/cumulative_plot.pdf
  Drawing GC content plot...
    saved to /home/daniagst/Genome-Analysis/data/assemble_data/PacBio/high_sense/basic_stats/GC_content_plot.pdf
  Drawing durio_zibethinus_high_sense.contigs GC content plot...
    saved to /home/daniagst/Genome-Analysis/data/assemble_data/PacBio/high_sense/basic_stats/durio_zibethinus_high_sense.contigs_GC_content_plot.pdf
Done.

2020-05-23 13:58:03
Running Contig analyzer...
  durio_zibethinus_high_sense.contigs
  Logging to files /home/daniagst/Genome-Analysis/data/assemble_data/PacBio/high_sense/contigs_reports/contigs_report_durio_zibethinus_high_sense-contigs.stdout and contigs_report_durio_zibethinus_high_sense-contigs.stderr...
  Aligning contigs to the reference
  /sw/bioinfo/quast/4.5.4/rackham/lib/python2.7/site-packages/quast_libs/MUMmer/nucmer \
  -c 65 -l 65 --maxmatch -p /home/daniagst/Genome-Analysis/data/assemble_data/PacBio/high_sense/contigs_reports/nucmer_output/durio_zibethinus_high_sense-contigs \
  --emem -t 4 /home/daniagst/Genome-Analysis/data/assemble_data/PacBio/high_sense/quast_corrected_input/ref_durio_zibethinus.fasta \
  /home/daniagst/Genome-Analysis/data/assemble_data/PacBio/high_sense/quast_corrected_input/durio_zibethinus_high_sense-contigs.fasta \
  >> /home/daniagst/Genome-Analysis/data/assemble_data/PacBio/high_sense/contigs_reports/contigs_report_durio_zibethinus_high_sense-contigs.stdout \
  2>> /home/daniagst/Genome-Analysis/data/assemble_data/PacBio/high_sense/contigs_reports/contigs_report_durio_zibethinus_high_sense-contigs.stderr
  /sw/bioinfo/quast/4.5.4/rackham/lib/python2.7/site-packages/quast_libs/MUMmer/delta-filter \
  -i 95.0 -l 0 /home/daniagst/Genome-Analysis/data/assemble_data/PacBio/high_sense/contigs_reports/nucmer_output/durio_zibethinus_high_sense-contigs.delta \
  > /home/daniagst/Genome-Analysis/data/assemble_data/PacBio/high_sense/contigs_reports/nucmer_output/durio_zibethinus_high_sense-contigs.fdelta \
  2> /home/daniagst/Genome-Analysis/data/assemble_data/PacBio/high_sense/contigs_reports/contigs_report_durio_zibethinus_high_sense-contigs.stderr
  /sw/bioinfo/quast/4.5.4/rackham/lib/python2.7/site-packages/quast_libs/MUMmer/mummerplot \
  --html --layout -p /home/daniagst/Genome-Analysis/data/assemble_data/PacBio/high_sense/contigs_reports/nucmer_output/durio_zibethinus_high_sense-contigs \
  /home/daniagst/Genome-Analysis/data/assemble_data/PacBio/high_sense/contigs_reports/nucmer_output/durio_zibethinus_high_sense-contigs.delta \
  > /home/daniagst/Genome-Analysis/data/assemble_data/PacBio/high_sense/contigs_reports/contigs_report_durio_zibethinus_high_sense-contigs.stdout \
  2> /home/daniagst/Genome-Analysis/data/assemble_data/PacBio/high_sense/contigs_reports/contigs_report_durio_zibethinus_high_sense-contigs.stderr
  /sw/bioinfo/quast/4.5.4/rackham/lib/python2.7/site-packages/quast_libs/gnuplot/src/gnuplot \
  /home/daniagst/Genome-Analysis/data/assemble_data/PacBio/high_sense/contigs_reports/nucmer_output/durio_zibethinus_high_sense-contigs.gp \
  > /dev/null 2> /home/daniagst/Genome-Analysis/data/assemble_data/PacBio/high_sense/contigs_reports/contigs_report_durio_zibethinus_high_sense-contigs.stderr
  MUMmer plot saved to /home/daniagst/Genome-Analysis/data/assemble_data/PacBio/high_sense/contigs_reports/durio_zibethinus_high_sense-contigs_mummerplot.html
  /sw/bioinfo/quast/4.5.4/rackham/lib/python2.7/site-packages/quast_libs/MUMmer/show-coords \
  /home/daniagst/Genome-Analysis/data/assemble_data/PacBio/high_sense/contigs_reports/nucmer_output/durio_zibethinus_high_sense-contigs.delta \
  > /home/daniagst/Genome-Analysis/data/assemble_data/PacBio/high_sense/contigs_reports/nucmer_output/durio_zibethinus_high_sense-contigs.coords_tmp \
  2> /home/daniagst/Genome-Analysis/data/assemble_data/PacBio/high_sense/contigs_reports/contigs_report_durio_zibethinus_high_sense-contigs.stderr
  /sw/bioinfo/quast/4.5.4/rackham/lib/python2.7/site-packages/quast_libs/MUMmer/show-snps \
  -S -T -H /home/daniagst/Genome-Analysis/data/assemble_data/PacBio/high_sense/contigs_reports/nucmer_output/durio_zibethinus_high_sense-contigs.delta \
  < /home/daniagst/Genome-Analysis/data/assemble_data/PacBio/high_sense/contigs_reports/nucmer_output/durio_zibethinus_high_sense-contigs.coords.headless \
  > /home/daniagst/Genome-Analysis/data/assemble_data/PacBio/high_sense/contigs_reports/nucmer_output/durio_zibethinus_high_sense-contigs.all_snps \
  2> /home/daniagst/Genome-Analysis/data/assemble_data/PacBio/high_sense/contigs_reports/contigs_report_durio_zibethinus_high_sense-contigs.stderr
  Analysis is finished.

  Gzipping /home/daniagst/Genome-Analysis/data/assemble_data/PacBio/high_sense/contigs_reports/nucmer_output/durio_zibethinus_high_sense-contigs.all_snps to reduce disk space usage...
    saved to /home/daniagst/Genome-Analysis/data/assemble_data/PacBio/high_sense/contigs_reports/nucmer_output/durio_zibethinus_high_sense-contigs.all_snps.gz
  Creating total report...
    saved to /home/daniagst/Genome-Analysis/data/assemble_data/PacBio/high_sense/contigs_reports/misassemblies_report.txt, misassemblies_report.tsv, and misassemblies_report.tex
  Transposed version of total report...
    saved to /home/daniagst/Genome-Analysis/data/assemble_data/PacBio/high_sense/contigs_reports/transposed_report_misassemblies.txt, transposed_report_misassemblies.tsv, and transposed_report_misassemblies.tex
  Creating total report...
    saved to /home/daniagst/Genome-Analysis/data/assemble_data/PacBio/high_sense/contigs_reports/unaligned_report.txt, unaligned_report.tsv, and unaligned_report.tex
  Drawing misassemblies by types plot...
    saved to /home/daniagst/Genome-Analysis/data/assemble_data/PacBio/high_sense/contigs_reports/misassemblies_plot.pdf
  Drawing misassemblies FRCurve plot...
    saved to /home/daniagst/Genome-Analysis/data/assemble_data/PacBio/high_sense/contigs_reports/misassemblies_frcurve_plot.pdf
Done.

2020-05-23 14:02:24
Running NA-NGA calculation...
  durio_zibethinus_high_sense.contigs, Largest alignment = 1344941, NA50 = 176728, NGA50 = 296688, LA50 = 52, LGA50 = 26
  Drawing cumulative plot...
    saved to /home/daniagst/Genome-Analysis/data/assemble_data/PacBio/high_sense/aligned_stats/cumulative_plot.pdf
  Drawing NAx plot...
    saved to /home/daniagst/Genome-Analysis/data/assemble_data/PacBio/high_sense/aligned_stats/NAx_plot.pdf
  Drawing NGAx plot...
    saved to /home/daniagst/Genome-Analysis/data/assemble_data/PacBio/high_sense/aligned_stats/NGAx_plot.pdf
Done.

2020-05-23 14:02:26
Running Genome analyzer...
  NOTICE: No file with genes provided. Use the -G option if you want to specify it.
  NOTICE: No file with operons provided. Use the -O option if you want to specify it.
  durio_zibethinus_high_sense.contigs
  Analysis is finished.
  Skipping drawing Genome fraction, % histogram... (less than 2 columns histogram makes no sense)
Done.

NOTICE: Genes are not predicted by default. Use --gene-finding option to enable it.

2020-05-23 14:02:42
Creating large visual summaries...
This may take a while: press Ctrl-C to skip this step..
  1 of 2: Creating Icarus viewers...
  2 of 2: Creating PDF with all tables and plots...
Done

2020-05-23 14:02:43
RESULTS:
  Text versions of total report are saved to /home/daniagst/Genome-Analysis/data/assemble_data/PacBio/high_sense/report.txt, report.tsv, and report.tex
  Text versions of transposed total report are saved to /home/daniagst/Genome-Analysis/data/assemble_data/PacBio/high_sense/transposed_report.txt, transposed_report.tsv, and transposed_report.tex
  HTML version (interactive tables and plots) saved to /home/daniagst/Genome-Analysis/data/assemble_data/PacBio/high_sense/report.html
  PDF version (tables and plots) is saved to /home/daniagst/Genome-Analysis/data/assemble_data/PacBio/high_sense/report.pdf
  Icarus (contig browser) is saved to /home/daniagst/Genome-Analysis/data/assemble_data/PacBio/high_sense/icarus.html
  Log saved to /home/daniagst/Genome-Analysis/data/assemble_data/PacBio/high_sense/quast.log

Finished: 2020-05-23 14:02:44
Elapsed time: 0:04:52.010499
NOTICEs: 4; WARNINGs: 0; non-fatal ERRORs: 0

Thank you for using QUAST!
